
Sat, 10 Jul 2021 15:41:23 +0000 : NO domainId

Sat, 10 Jul 2021 15:41:23 +0000 : NO senderId 

Sat, 10 Jul 2021 15:41:23 +0000 : NO concat 

Sat, 10 Jul 2021 15:41:23 +0000 : NO encoding

Sat, 10 Jul 2021 15:41:24 +0000 : Server Altiria response: OK dest:51952146299


Mon, 12 Jul 2021 17:17:41 +0000 : NO domainId

Mon, 12 Jul 2021 17:17:41 +0000 : NO senderId 

Mon, 12 Jul 2021 17:17:41 +0000 : NO concat 

Mon, 12 Jul 2021 17:17:41 +0000 : NO encoding

Mon, 12 Jul 2021 17:17:41 +0000 : Server Altiria response: OK dest:51952146299


Mon, 12 Jul 2021 19:23:59 +0000 : Dominio: .

Mon, 12 Jul 2021 19:23:59 +0000 : NO domainId

Mon, 12 Jul 2021 19:23:59 +0000 : Dominio: .

Mon, 12 Jul 2021 19:23:59 +0000 : NO domainId

Mon, 12 Jul 2021 19:23:59 +0000 : Dominio: .

Mon, 12 Jul 2021 19:23:59 +0000 : NO domainId

Mon, 12 Jul 2021 19:24:00 +0000 : Server Altiria response: OK credit(0):3.00


Mon, 12 Jul 2021 19:24:00 +0000 : Server Altiria response: OK credit(0):3.00


Mon, 12 Jul 2021 19:24:00 +0000 : Server Altiria response: OK credit(0):3.00


Mon, 12 Jul 2021 20:15:23 +0000 : Dominio: .

Mon, 12 Jul 2021 20:15:23 +0000 : NO domainId

Mon, 12 Jul 2021 20:15:24 +0000 : Server Altiria response: OK credit(0):3.00


Mon, 12 Jul 2021 20:19:55 +0000 : NO domainId

Mon, 12 Jul 2021 20:19:55 +0000 : NO senderId 

Mon, 12 Jul 2021 20:19:55 +0000 : NO concat 

Mon, 12 Jul 2021 20:19:55 +0000 : NO encoding

Mon, 12 Jul 2021 20:19:55 +0000 : Server Altiria response: OK dest:51992933603


Mon, 12 Jul 2021 20:28:29 +0000 : Dominio: .

Mon, 12 Jul 2021 20:28:29 +0000 : NO domainId

Mon, 12 Jul 2021 20:28:29 +0000 : Server Altiria response: OK credit(0):2.00


Mon, 12 Jul 2021 21:14:51 +0000 : Dominio: .

Mon, 12 Jul 2021 21:14:51 +0000 : NO domainId

Mon, 12 Jul 2021 21:14:51 +0000 : Server Altiria response: OK credit(0):2.00


Tue, 10 Aug 2021 03:46:43 +0000 : Dominio: .

Tue, 10 Aug 2021 03:46:43 +0000 : NO domainId

Tue, 10 Aug 2021 03:46:44 +0000 : Server Altiria response: OK credit(0):2.00


Tue, 17 Aug 2021 03:26:22 +0000 : Dominio: .

Tue, 17 Aug 2021 03:26:22 +0000 : NO domainId

Tue, 17 Aug 2021 03:26:22 +0000 : Server Altiria response: OK credit(0):2.00


Tue, 17 Aug 2021 12:31:54 +0000 : Dominio: .

Tue, 17 Aug 2021 12:31:54 +0000 : NO domainId

Tue, 17 Aug 2021 12:31:54 +0000 : Server Altiria response: OK credit(0):2.00


Wed, 25 Aug 2021 14:11:23 +0000 : Dominio: .

Wed, 25 Aug 2021 14:11:23 +0000 : NO domainId

Wed, 25 Aug 2021 14:11:23 +0000 : Server Altiria response: OK credit(0):2.00


Wed, 25 Aug 2021 19:40:01 +0000 : Dominio: .

Wed, 25 Aug 2021 19:40:01 +0000 : NO domainId

Wed, 25 Aug 2021 19:40:01 +0000 : Server Altiria response: OK credit(0):2.00


Wed, 25 Aug 2021 19:58:25 +0000 : Dominio: .

Wed, 25 Aug 2021 19:58:25 +0000 : NO domainId

Wed, 25 Aug 2021 19:58:25 +0000 : Server Altiria response: OK credit(0):2.00


Wed, 25 Aug 2021 20:24:58 +0000 : Dominio: .

Wed, 25 Aug 2021 20:24:58 +0000 : NO domainId

Wed, 25 Aug 2021 20:24:58 +0000 : Server Altiria response: OK credit(0):2.00


Wed, 25 Aug 2021 20:25:25 +0000 : Dominio: .

Wed, 25 Aug 2021 20:25:25 +0000 : NO domainId

Wed, 25 Aug 2021 20:25:25 +0000 : Server Altiria response: OK credit(0):2.00


Fri, 27 Aug 2021 16:43:26 +0000 : Dominio: .

Fri, 27 Aug 2021 16:43:26 +0000 : NO domainId

Fri, 27 Aug 2021 16:43:26 +0000 : Server Altiria response: ERROR errNum:020

Fri, 27 Aug 2021 16:43:26 +0000 : Error asking SMS credit: ERROR errNum:020

Fri, 27 Aug 2021 17:04:51 +0000 : Dominio: .

Fri, 27 Aug 2021 17:04:51 +0000 : NO domainId

Fri, 27 Aug 2021 17:04:52 +0000 : Server Altiria response: ERROR errNum:020

Fri, 27 Aug 2021 17:04:52 +0000 : Error asking SMS credit: ERROR errNum:020

Fri, 27 Aug 2021 17:04:52 +0000 : Dominio: .

Fri, 27 Aug 2021 17:04:52 +0000 : NO domainId

Fri, 27 Aug 2021 17:04:52 +0000 : Server Altiria response: ERROR errNum:020

Fri, 27 Aug 2021 17:04:52 +0000 : Error asking SMS credit: ERROR errNum:020

Fri, 27 Aug 2021 17:05:17 +0000 : Dominio: .

Fri, 27 Aug 2021 17:05:17 +0000 : NO domainId

Fri, 27 Aug 2021 17:05:17 +0000 : Server Altiria response: ERROR errNum:020

Fri, 27 Aug 2021 17:05:17 +0000 : Error asking SMS credit: ERROR errNum:020

Fri, 27 Aug 2021 17:05:45 +0000 : Dominio: .

Fri, 27 Aug 2021 17:05:45 +0000 : NO domainId

Fri, 27 Aug 2021 17:05:45 +0000 : Server Altiria response: ERROR errNum:020

Fri, 27 Aug 2021 17:05:45 +0000 : Error asking SMS credit: ERROR errNum:020

Fri, 27 Aug 2021 17:37:46 +0000 : Dominio: .

Fri, 27 Aug 2021 17:37:46 +0000 : NO domainId

Fri, 27 Aug 2021 17:37:47 +0000 : Server Altiria response: ERROR errNum:020

Fri, 27 Aug 2021 17:37:47 +0000 : Error asking SMS credit: ERROR errNum:020

Fri, 27 Aug 2021 17:39:21 +0000 : Dominio: .

Fri, 27 Aug 2021 17:39:21 +0000 : NO domainId

Fri, 27 Aug 2021 17:39:21 +0000 : Server Altiria response: ERROR errNum:020

Fri, 27 Aug 2021 17:39:21 +0000 : Error asking SMS credit: ERROR errNum:020

Fri, 27 Aug 2021 17:42:19 +0000 : Dominio: .

Fri, 27 Aug 2021 17:42:19 +0000 : NO domainId

Fri, 27 Aug 2021 17:42:19 +0000 : Server Altiria response: ERROR errNum:020

Fri, 27 Aug 2021 17:42:19 +0000 : Error asking SMS credit: ERROR errNum:020

Fri, 27 Aug 2021 17:46:02 +0000 : Dominio: .

Fri, 27 Aug 2021 17:46:02 +0000 : NO domainId

Fri, 27 Aug 2021 17:46:02 +0000 : Server Altiria response: ERROR errNum:020

Fri, 27 Aug 2021 17:46:02 +0000 : Error asking SMS credit: ERROR errNum:020

Fri, 27 Aug 2021 17:47:20 +0000 : Dominio: .

Fri, 27 Aug 2021 17:47:20 +0000 : NO domainId

Fri, 27 Aug 2021 17:47:20 +0000 : Server Altiria response: ERROR errNum:020

Fri, 27 Aug 2021 17:47:20 +0000 : Error asking SMS credit: ERROR errNum:020

Fri, 27 Aug 2021 17:48:48 +0000 : Dominio: .

Fri, 27 Aug 2021 17:48:48 +0000 : NO domainId

Fri, 27 Aug 2021 17:48:48 +0000 : Server Altiria response: ERROR errNum:020

Fri, 27 Aug 2021 17:48:48 +0000 : Error asking SMS credit: ERROR errNum:020

Tue, 31 Aug 2021 15:30:27 +0000 : Dominio: .

Tue, 31 Aug 2021 15:30:27 +0000 : NO domainId

Tue, 31 Aug 2021 15:30:27 +0000 : Server Altiria response: ERROR errNum:020

Tue, 31 Aug 2021 15:30:27 +0000 : Error asking SMS credit: ERROR errNum:020

Mon, 27 Sep 2021 21:50:54 +0000 : Dominio: .

Mon, 27 Sep 2021 21:50:54 +0000 : NO domainId

Mon, 27 Sep 2021 21:50:54 +0000 : Server Altiria response: ERROR errNum:020

Mon, 27 Sep 2021 21:50:54 +0000 : Error asking SMS credit: ERROR errNum:020

Tue, 30 Nov 2021 14:30:14 +0000 : Dominio: .

Tue, 30 Nov 2021 14:30:14 +0000 : NO domainId

Tue, 30 Nov 2021 14:30:15 +0000 : Server Altiria response: ERROR errNum:020

Tue, 30 Nov 2021 14:30:15 +0000 : Error asking SMS credit: ERROR errNum:020

Mon, 06 Dec 2021 20:43:37 +0000 : Dominio: .

Mon, 06 Dec 2021 20:43:37 +0000 : NO domainId

Mon, 06 Dec 2021 20:43:38 +0000 : Server Altiria response: ERROR errNum:020

Mon, 06 Dec 2021 20:43:38 +0000 : Error asking SMS credit: ERROR errNum:020

Mon, 06 Dec 2021 20:52:25 +0000 : Dominio: .

Mon, 06 Dec 2021 20:52:25 +0000 : NO domainId

Mon, 06 Dec 2021 20:52:25 +0000 : Server Altiria response: ERROR errNum:020

Mon, 06 Dec 2021 20:52:25 +0000 : Error asking SMS credit: ERROR errNum:020

Mon, 06 Dec 2021 21:08:49 +0000 : Dominio: .

Mon, 06 Dec 2021 21:08:49 +0000 : NO domainId

Mon, 06 Dec 2021 21:08:49 +0000 : Server Altiria response: ERROR errNum:020

Mon, 06 Dec 2021 21:08:49 +0000 : Error asking SMS credit: ERROR errNum:020

Mon, 06 Dec 2021 21:09:19 +0000 : Dominio: .

Mon, 06 Dec 2021 21:09:19 +0000 : NO domainId

Mon, 06 Dec 2021 21:09:20 +0000 : Server Altiria response: ERROR errNum:020

Mon, 06 Dec 2021 21:09:20 +0000 : Error asking SMS credit: ERROR errNum:020

Mon, 06 Dec 2021 21:13:00 +0000 : Dominio: .

Mon, 06 Dec 2021 21:13:00 +0000 : NO domainId

Mon, 06 Dec 2021 21:13:01 +0000 : Server Altiria response: ERROR errNum:020

Mon, 06 Dec 2021 21:13:01 +0000 : Error asking SMS credit: ERROR errNum:020

Mon, 06 Dec 2021 21:58:55 +0000 : Dominio: .

Mon, 06 Dec 2021 21:58:55 +0000 : NO domainId

Mon, 06 Dec 2021 21:58:55 +0000 : Server Altiria response: ERROR errNum:020

Mon, 06 Dec 2021 21:58:55 +0000 : Error asking SMS credit: ERROR errNum:020

Mon, 06 Dec 2021 21:59:15 +0000 : Dominio: .

Mon, 06 Dec 2021 21:59:15 +0000 : NO domainId

Mon, 06 Dec 2021 21:59:15 +0000 : Server Altiria response: ERROR errNum:020

Mon, 06 Dec 2021 21:59:15 +0000 : Error asking SMS credit: ERROR errNum:020

Mon, 06 Dec 2021 22:07:10 +0000 : Dominio: .

Mon, 06 Dec 2021 22:07:10 +0000 : NO domainId

Mon, 06 Dec 2021 22:07:10 +0000 : Server Altiria response: ERROR errNum:020

Mon, 06 Dec 2021 22:07:10 +0000 : Error asking SMS credit: ERROR errNum:020

Mon, 06 Dec 2021 22:10:24 +0000 : Dominio: .

Mon, 06 Dec 2021 22:10:24 +0000 : NO domainId

Mon, 06 Dec 2021 22:10:25 +0000 : Server Altiria response: ERROR errNum:020

Mon, 06 Dec 2021 22:10:25 +0000 : Error asking SMS credit: ERROR errNum:020

Mon, 06 Dec 2021 22:10:37 +0000 : Dominio: .

Mon, 06 Dec 2021 22:10:37 +0000 : NO domainId

Mon, 06 Dec 2021 22:10:38 +0000 : Server Altiria response: ERROR errNum:020

Mon, 06 Dec 2021 22:10:38 +0000 : Error asking SMS credit: ERROR errNum:020

Mon, 06 Dec 2021 22:12:48 +0000 : Dominio: .

Mon, 06 Dec 2021 22:12:48 +0000 : NO domainId

Mon, 06 Dec 2021 22:12:48 +0000 : Server Altiria response: ERROR errNum:020

Mon, 06 Dec 2021 22:12:48 +0000 : Error asking SMS credit: ERROR errNum:020

Mon, 06 Dec 2021 22:13:01 +0000 : Dominio: .

Mon, 06 Dec 2021 22:13:01 +0000 : NO domainId

Mon, 06 Dec 2021 22:13:01 +0000 : Server Altiria response: ERROR errNum:020

Mon, 06 Dec 2021 22:13:01 +0000 : Error asking SMS credit: ERROR errNum:020

Mon, 06 Dec 2021 22:17:13 +0000 : Dominio: .

Mon, 06 Dec 2021 22:17:13 +0000 : NO domainId

Mon, 06 Dec 2021 22:17:14 +0000 : Server Altiria response: ERROR errNum:020

Mon, 06 Dec 2021 22:17:14 +0000 : Error asking SMS credit: ERROR errNum:020

Thu, 09 Dec 2021 19:37:35 +0000 : Dominio: .

Thu, 09 Dec 2021 19:37:35 +0000 : NO domainId

Thu, 09 Dec 2021 19:37:36 +0000 : Server Altiria response: ERROR errNum:020

Thu, 09 Dec 2021 19:37:36 +0000 : Error asking SMS credit: ERROR errNum:020

Thu, 09 Dec 2021 19:38:42 +0000 : Dominio: .

Thu, 09 Dec 2021 19:38:42 +0000 : NO domainId

Thu, 09 Dec 2021 19:38:42 +0000 : Server Altiria response: ERROR errNum:020

Thu, 09 Dec 2021 19:38:42 +0000 : Error asking SMS credit: ERROR errNum:020

Thu, 09 Dec 2021 19:41:41 +0000 : Dominio: .

Thu, 09 Dec 2021 19:41:41 +0000 : NO domainId

Thu, 09 Dec 2021 19:41:42 +0000 : Server Altiria response: ERROR errNum:020

Thu, 09 Dec 2021 19:41:42 +0000 : Error asking SMS credit: ERROR errNum:020

Thu, 09 Dec 2021 19:42:12 +0000 : Dominio: .

Thu, 09 Dec 2021 19:42:12 +0000 : NO domainId

Thu, 09 Dec 2021 19:42:12 +0000 : Server Altiria response: ERROR errNum:020

Thu, 09 Dec 2021 19:42:12 +0000 : Error asking SMS credit: ERROR errNum:020

Thu, 09 Dec 2021 19:42:50 +0000 : Dominio: .

Thu, 09 Dec 2021 19:42:50 +0000 : NO domainId

Thu, 09 Dec 2021 19:42:50 +0000 : Server Altiria response: ERROR errNum:020

Thu, 09 Dec 2021 19:42:50 +0000 : Error asking SMS credit: ERROR errNum:020

Thu, 09 Dec 2021 19:43:31 +0000 : Dominio: .

Thu, 09 Dec 2021 19:43:31 +0000 : NO domainId

Thu, 09 Dec 2021 19:43:31 +0000 : Server Altiria response: ERROR errNum:020

Thu, 09 Dec 2021 19:43:31 +0000 : Error asking SMS credit: ERROR errNum:020

Thu, 09 Dec 2021 19:44:24 +0000 : Dominio: .

Thu, 09 Dec 2021 19:44:24 +0000 : NO domainId

Thu, 09 Dec 2021 19:44:24 +0000 : Server Altiria response: ERROR errNum:020

Thu, 09 Dec 2021 19:44:24 +0000 : Error asking SMS credit: ERROR errNum:020

Thu, 09 Dec 2021 19:45:16 +0000 : Dominio: .

Thu, 09 Dec 2021 19:45:16 +0000 : NO domainId

Thu, 09 Dec 2021 19:45:16 +0000 : Server Altiria response: ERROR errNum:020

Thu, 09 Dec 2021 19:45:16 +0000 : Error asking SMS credit: ERROR errNum:020

Thu, 09 Dec 2021 19:52:24 +0000 : Dominio: .

Thu, 09 Dec 2021 19:52:24 +0000 : NO domainId

Thu, 09 Dec 2021 19:52:24 +0000 : Server Altiria response: ERROR errNum:020

Thu, 09 Dec 2021 19:52:24 +0000 : Error asking SMS credit: ERROR errNum:020

Thu, 09 Dec 2021 20:02:13 +0000 : Dominio: .

Thu, 09 Dec 2021 20:02:13 +0000 : NO domainId

Thu, 09 Dec 2021 20:02:14 +0000 : Server Altiria response: ERROR errNum:020

Thu, 09 Dec 2021 20:02:14 +0000 : Error asking SMS credit: ERROR errNum:020

Thu, 09 Dec 2021 20:10:52 +0000 : Dominio: .

Thu, 09 Dec 2021 20:10:52 +0000 : NO domainId

Thu, 09 Dec 2021 20:10:52 +0000 : Server Altiria response: ERROR errNum:020

Thu, 09 Dec 2021 20:10:52 +0000 : Error asking SMS credit: ERROR errNum:020

Thu, 09 Dec 2021 20:11:49 +0000 : Dominio: .

Thu, 09 Dec 2021 20:11:49 +0000 : NO domainId

Thu, 09 Dec 2021 20:11:49 +0000 : Server Altiria response: ERROR errNum:020

Thu, 09 Dec 2021 20:11:49 +0000 : Error asking SMS credit: ERROR errNum:020

Thu, 09 Dec 2021 20:14:13 +0000 : Dominio: .

Thu, 09 Dec 2021 20:14:13 +0000 : NO domainId

Thu, 09 Dec 2021 20:14:13 +0000 : Server Altiria response: ERROR errNum:020

Thu, 09 Dec 2021 20:14:13 +0000 : Error asking SMS credit: ERROR errNum:020

Thu, 09 Dec 2021 20:14:22 +0000 : Dominio: .

Thu, 09 Dec 2021 20:14:22 +0000 : NO domainId

Thu, 09 Dec 2021 20:14:22 +0000 : Server Altiria response: ERROR errNum:020

Thu, 09 Dec 2021 20:14:22 +0000 : Error asking SMS credit: ERROR errNum:020

Thu, 09 Dec 2021 20:32:10 +0000 : Dominio: .

Thu, 09 Dec 2021 20:32:10 +0000 : NO domainId

Thu, 09 Dec 2021 20:32:10 +0000 : Server Altiria response: ERROR errNum:020

Thu, 09 Dec 2021 20:32:10 +0000 : Error asking SMS credit: ERROR errNum:020

Thu, 09 Dec 2021 20:32:30 +0000 : Dominio: .

Thu, 09 Dec 2021 20:32:30 +0000 : NO domainId

Thu, 09 Dec 2021 20:32:30 +0000 : Server Altiria response: ERROR errNum:020

Thu, 09 Dec 2021 20:32:30 +0000 : Error asking SMS credit: ERROR errNum:020

Mon, 03 Jan 2022 17:25:03 +0000 : Dominio: .

Mon, 03 Jan 2022 17:25:03 +0000 : NO domainId

Mon, 03 Jan 2022 17:25:03 +0000 : Server Altiria response: ERROR errNum:020

Mon, 03 Jan 2022 17:25:04 +0000 : Error asking SMS credit: ERROR errNum:020

Fri, 07 Jan 2022 21:31:43 +0000 : Dominio: .

Fri, 07 Jan 2022 21:31:43 +0000 : NO domainId

Fri, 07 Jan 2022 21:31:43 +0000 : Server Altiria response: ERROR errNum:020

Fri, 07 Jan 2022 21:31:43 +0000 : Error asking SMS credit: ERROR errNum:020

Tue, 11 Jan 2022 21:51:22 +0000 : Dominio: .

Tue, 11 Jan 2022 21:51:22 +0000 : NO domainId

Tue, 11 Jan 2022 21:51:23 +0000 : Server Altiria response: ERROR errNum:020

Tue, 11 Jan 2022 21:51:23 +0000 : Error asking SMS credit: ERROR errNum:020

Thu, 10 Feb 2022 08:58:12 +0000 : Dominio: .

Thu, 10 Feb 2022 08:58:12 +0000 : NO domainId

Thu, 10 Feb 2022 08:58:12 +0000 : Server Altiria response: ERROR errNum:020

Thu, 10 Feb 2022 08:58:12 +0000 : Error asking SMS credit: ERROR errNum:020

Thu, 10 Feb 2022 12:50:34 +0000 : Dominio: .

Thu, 10 Feb 2022 12:50:34 +0000 : NO domainId

Thu, 10 Feb 2022 12:50:35 +0000 : Server Altiria response: ERROR errNum:020

Thu, 10 Feb 2022 12:50:35 +0000 : Error asking SMS credit: ERROR errNum:020

Thu, 10 Feb 2022 15:44:44 +0000 : Dominio: .

Thu, 10 Feb 2022 15:44:44 +0000 : NO domainId

Thu, 10 Feb 2022 15:44:44 +0000 : Server Altiria response: ERROR errNum:020

Thu, 10 Feb 2022 15:44:44 +0000 : Error asking SMS credit: ERROR errNum:020

Thu, 10 Feb 2022 15:52:49 +0000 : Dominio: .

Thu, 10 Feb 2022 15:52:49 +0000 : NO domainId

Thu, 10 Feb 2022 15:52:50 +0000 : Server Altiria response: ERROR errNum:020

Thu, 10 Feb 2022 15:52:50 +0000 : Error asking SMS credit: ERROR errNum:020

Thu, 10 Feb 2022 15:55:12 +0000 : Dominio: .

Thu, 10 Feb 2022 15:55:12 +0000 : NO domainId

Thu, 10 Feb 2022 15:55:12 +0000 : Dominio: .

Thu, 10 Feb 2022 15:55:12 +0000 : NO domainId

Thu, 10 Feb 2022 15:55:12 +0000 : Server Altiria response: ERROR errNum:020

Thu, 10 Feb 2022 15:55:12 +0000 : Error asking SMS credit: ERROR errNum:020

Thu, 10 Feb 2022 15:55:12 +0000 : Server Altiria response: ERROR errNum:020

Thu, 10 Feb 2022 15:55:12 +0000 : Error asking SMS credit: ERROR errNum:020

Thu, 10 Feb 2022 15:58:01 +0000 : Dominio: .

Thu, 10 Feb 2022 15:58:01 +0000 : NO domainId

Thu, 10 Feb 2022 15:58:01 +0000 : Server Altiria response: ERROR errNum:020

Thu, 10 Feb 2022 15:58:01 +0000 : Error asking SMS credit: ERROR errNum:020

Wed, 09 Mar 2022 15:15:05 +0000 : Dominio: .

Wed, 09 Mar 2022 15:15:05 +0000 : NO domainId

Wed, 09 Mar 2022 15:15:06 +0000 : Server Altiria response: ERROR errNum:020

Wed, 09 Mar 2022 15:15:06 +0000 : Error asking SMS credit: ERROR errNum:020

Wed, 09 Mar 2022 20:54:59 +0000 : Dominio: .

Wed, 09 Mar 2022 20:54:59 +0000 : NO domainId

Wed, 09 Mar 2022 20:54:59 +0000 : Server Altiria response: ERROR errNum:020

Wed, 09 Mar 2022 20:54:59 +0000 : Error asking SMS credit: ERROR errNum:020

Thu, 10 Mar 2022 12:50:58 +0000 : Dominio: .

Thu, 10 Mar 2022 12:50:59 +0000 : NO domainId

Thu, 10 Mar 2022 12:50:59 +0000 : Server Altiria response: ERROR errNum:020

Thu, 10 Mar 2022 12:50:59 +0000 : Error asking SMS credit: ERROR errNum:020

Thu, 10 Mar 2022 20:46:42 +0000 : Dominio: .

Thu, 10 Mar 2022 20:46:42 +0000 : NO domainId

Thu, 10 Mar 2022 20:46:42 +0000 : Server Altiria response: ERROR errNum:020

Thu, 10 Mar 2022 20:46:42 +0000 : Error asking SMS credit: ERROR errNum:020

Thu, 10 Mar 2022 21:36:59 +0000 : Dominio: .

Thu, 10 Mar 2022 21:36:59 +0000 : NO domainId

Thu, 10 Mar 2022 21:36:59 +0000 : Server Altiria response: ERROR errNum:020

Thu, 10 Mar 2022 21:36:59 +0000 : Error asking SMS credit: ERROR errNum:020

Fri, 11 Mar 2022 13:13:14 +0000 : Dominio: .

Fri, 11 Mar 2022 13:13:14 +0000 : NO domainId

Fri, 11 Mar 2022 13:13:15 +0000 : Server Altiria response: ERROR errNum:020

Fri, 11 Mar 2022 13:13:15 +0000 : Error asking SMS credit: ERROR errNum:020

Fri, 11 Mar 2022 19:30:47 +0000 : Dominio: .

Fri, 11 Mar 2022 19:30:47 +0000 : NO domainId

Fri, 11 Mar 2022 19:30:47 +0000 : Server Altiria response: ERROR errNum:020

Fri, 11 Mar 2022 19:30:47 +0000 : Error asking SMS credit: ERROR errNum:020

Fri, 11 Mar 2022 19:30:47 +0000 : Dominio: .

Fri, 11 Mar 2022 19:30:47 +0000 : NO domainId

Fri, 11 Mar 2022 19:30:48 +0000 : Server Altiria response: ERROR errNum:020

Fri, 11 Mar 2022 19:30:48 +0000 : Error asking SMS credit: ERROR errNum:020

Fri, 11 Mar 2022 21:02:42 +0000 : Dominio: .

Fri, 11 Mar 2022 21:02:42 +0000 : NO domainId

Fri, 11 Mar 2022 21:02:42 +0000 : Server Altiria response: ERROR errNum:020

Fri, 11 Mar 2022 21:02:42 +0000 : Error asking SMS credit: ERROR errNum:020

Mon, 14 Mar 2022 22:20:59 +0000 : Dominio: .

Mon, 14 Mar 2022 22:20:59 +0000 : NO domainId

Mon, 14 Mar 2022 22:21:00 +0000 : Server Altiria response: ERROR errNum:020

Mon, 14 Mar 2022 22:21:00 +0000 : Error asking SMS credit: ERROR errNum:020

Wed, 16 Mar 2022 21:01:46 +0000 : Dominio: .

Wed, 16 Mar 2022 21:01:46 +0000 : NO domainId

Wed, 16 Mar 2022 21:01:46 +0000 : Server Altiria response: ERROR errNum:020

Wed, 16 Mar 2022 21:01:47 +0000 : Error asking SMS credit: ERROR errNum:020

Mon, 04 Apr 2022 17:30:31 +0000 : Dominio: .

Mon, 04 Apr 2022 17:30:32 +0000 : NO domainId

Mon, 04 Apr 2022 17:30:32 +0000 : Server Altiria response: ERROR errNum:020

Mon, 04 Apr 2022 17:30:32 +0000 : Error asking SMS credit: ERROR errNum:020

Mon, 18 Apr 2022 20:39:45 +0000 : Dominio: .

Mon, 18 Apr 2022 20:39:45 +0000 : NO domainId

Mon, 18 Apr 2022 20:39:45 +0000 : Server Altiria response: ERROR errNum:020

Mon, 18 Apr 2022 20:39:45 +0000 : Error asking SMS credit: ERROR errNum:020

Wed, 20 Apr 2022 17:27:41 -0500 : Dominio: .

Wed, 20 Apr 2022 17:27:41 -0500 : NO domainId

Wed, 20 Apr 2022 17:27:42 -0500 : Server Altiria response: ERROR errNum:020

Wed, 20 Apr 2022 17:27:42 -0500 : Error asking SMS credit: ERROR errNum:020

Thu, 21 Apr 2022 16:15:59 -0500 : Dominio: .

Thu, 21 Apr 2022 16:15:59 -0500 : NO domainId

Thu, 21 Apr 2022 16:16:00 -0500 : Server Altiria response: ERROR errNum:020

Thu, 21 Apr 2022 16:16:00 -0500 : Error asking SMS credit: ERROR errNum:020

Tue, 26 Apr 2022 16:23:53 -0500 : Dominio: .

Tue, 26 Apr 2022 16:23:53 -0500 : NO domainId

Tue, 26 Apr 2022 16:23:53 -0500 : Server Altiria response: ERROR errNum:020

Tue, 26 Apr 2022 16:23:53 -0500 : Error asking SMS credit: ERROR errNum:020

Wed, 04 May 2022 17:13:12 -0500 : Dominio: .

Wed, 04 May 2022 17:13:12 -0500 : NO domainId

Wed, 04 May 2022 17:13:12 -0500 : Server Altiria response: ERROR errNum:020

Wed, 04 May 2022 17:13:12 -0500 : Error asking SMS credit: ERROR errNum:020

Wed, 04 May 2022 17:16:52 -0500 : Dominio: .

Wed, 04 May 2022 17:16:52 -0500 : NO domainId

Wed, 04 May 2022 17:16:52 -0500 : Server Altiria response: ERROR errNum:020

Wed, 04 May 2022 17:16:52 -0500 : Error asking SMS credit: ERROR errNum:020

Wed, 04 May 2022 17:17:41 -0500 : Dominio: .

Wed, 04 May 2022 17:17:41 -0500 : NO domainId

Wed, 04 May 2022 17:17:41 -0500 : Server Altiria response: ERROR errNum:020

Wed, 04 May 2022 17:17:41 -0500 : Error asking SMS credit: ERROR errNum:020

Mon, 09 May 2022 15:49:15 -0500 : Dominio: .

Mon, 09 May 2022 15:49:15 -0500 : NO domainId

Mon, 09 May 2022 15:49:15 -0500 : Server Altiria response: ERROR errNum:020

Mon, 09 May 2022 15:49:15 -0500 : Error asking SMS credit: ERROR errNum:020

Thu, 12 May 2022 14:05:39 -0500 : Dominio: .

Thu, 12 May 2022 14:05:39 -0500 : NO domainId

Thu, 12 May 2022 14:05:39 -0500 : Server Altiria response: ERROR errNum:020

Thu, 12 May 2022 14:05:39 -0500 : Error asking SMS credit: ERROR errNum:020

Fri, 20 May 2022 10:18:52 -0500 : Dominio: .

Fri, 20 May 2022 10:18:52 -0500 : NO domainId

Fri, 20 May 2022 10:18:53 -0500 : Server Altiria response: ERROR errNum:020

Fri, 20 May 2022 10:18:53 -0500 : Error asking SMS credit: ERROR errNum:020

Sat, 28 May 2022 10:07:43 -0500 : Dominio: .

Sat, 28 May 2022 10:07:43 -0500 : NO domainId

Sat, 28 May 2022 10:07:43 -0500 : Server Altiria response: ERROR errNum:020

Sat, 28 May 2022 10:07:43 -0500 : Error asking SMS credit: ERROR errNum:020

Wed, 22 Jun 2022 08:55:20 -0500 : Dominio: .

Wed, 22 Jun 2022 08:55:20 -0500 : NO domainId

Wed, 22 Jun 2022 08:55:20 -0500 : Server Altiria response: ERROR errNum:020

Wed, 22 Jun 2022 08:55:20 -0500 : Error asking SMS credit: ERROR errNum:020

Thu, 23 Jun 2022 08:58:56 -0500 : Dominio: .

Thu, 23 Jun 2022 08:58:56 -0500 : NO domainId

Thu, 23 Jun 2022 08:58:56 -0500 : Server Altiria response: ERROR errNum:020

Thu, 23 Jun 2022 08:58:56 -0500 : Error asking SMS credit: ERROR errNum:020

Thu, 23 Jun 2022 09:00:06 -0500 : Dominio: .

Thu, 23 Jun 2022 09:00:06 -0500 : NO domainId

Thu, 23 Jun 2022 09:00:06 -0500 : Server Altiria response: ERROR errNum:020

Thu, 23 Jun 2022 09:00:06 -0500 : Error asking SMS credit: ERROR errNum:020

Thu, 02 Feb 2023 17:55:26 -0500 : Dominio: .

Thu, 02 Feb 2023 17:55:26 -0500 : NO domainId

Thu, 02 Feb 2023 17:55:27 -0500 : Server Altiria response: ERROR errNum:020

Thu, 02 Feb 2023 17:55:27 -0500 : Error asking SMS credit: ERROR errNum:020

Wed, 12 Jul 2023 23:51:46 -0500 : Dominio: .

Wed, 12 Jul 2023 23:51:46 -0500 : NO domainId

Wed, 12 Jul 2023 23:51:46 -0500 : Server Altiria response: ERROR errNum:020

Wed, 12 Jul 2023 23:51:46 -0500 : Error asking SMS credit: ERROR errNum:020
